2025-05-23 12:18:46,571 [main] INFO org.testng.internal.Utils - [TestNG] Running:
  /Users/calin/Library/Caches/JetBrains/IntelliJIdea2025.1/temp-testng-customsuite.xml

2025-05-23 12:18:46,657 [main] INFO com.example.studentframeworkapi.client.api.auth.LoginClient - Sending POST request to path: /api/login
2025-05-23 12:18:46,657 [main] INFO com.example.studentframeworkapi.client.api.auth.LoginClient - Request Body: email=eve.holt@reqres.in, password=cityslicka
2025-05-23 12:18:47,471 [main] INFO com.example.studentframeworkapi.client.api.auth.LoginClient - Received Response with Status Code: 200
2025-05-23 12:18:47,481 [main] INFO com.example.studentframeworkapi.client.api.auth.LoginClient - Deserialized response: LoginResponse(token=QpwL5tke4Pnpja7X4)
2025-05-23 12:18:47,486 [main] INFO com.example.studentframeworkapi.client.api.auth.LoginClient - Sending negative POST request to path: /api/login
2025-05-23 12:18:47,486 [main] INFO com.example.studentframeworkapi.client.api.auth.LoginClient - Request Body: {email=eve.holt@reqres.in}
2025-05-23 12:18:47,687 [main] INFO com.example.studentframeworkapi.client.api.auth.LoginClient - Received Response with Status Code: 400
2025-05-23 12:18:47,695 [main] INFO com.example.studentframeworkapi.client.api.auth.LoginClient - Deserialized Error Response: LoginErrorResponse(error=Missing password)
2025-05-23 12:18:47,695 [main] INFO com.example.studentframeworkapi.client.api.auth.LoginClient - Error message from deserialized object: Missing password
2025-05-23 12:18:47,698 [main] INFO com.example.studentframeworkapi.client.api.auth.RegisterClient - Sending POST request to path: /api/register
2025-05-23 12:18:47,698 [main] INFO com.example.studentframeworkapi.client.api.auth.RegisterClient - Request Body: email=eve.holt@reqres.in, password=pistol
2025-05-23 12:18:47,922 [main] INFO com.example.studentframeworkapi.client.api.auth.RegisterClient - Received Response with Status Code: 200
2025-05-23 12:18:47,927 [main] INFO com.example.studentframeworkapi.client.api.auth.RegisterClient - Deserialized Register Response: RegisterResponse(id=4, token=QpwL5tke4Pnpja7X4)
2025-05-23 12:18:47,929 [main] INFO com.example.studentframeworkapi.client.api.auth.RegisterClient - Sending negative REGISTER POST request to path: /api/register
2025-05-23 12:18:47,929 [main] INFO com.example.studentframeworkapi.client.api.auth.RegisterClient - Request Body: {email=sydney@fife}
2025-05-23 12:18:48,231 [main] INFO com.example.studentframeworkapi.client.api.auth.RegisterClient - Received Response with Status Code: 400
2025-05-23 12:18:48,237 [main] INFO com.example.studentframeworkapi.client.api.auth.RegisterClient - Deserialized Register Error Response: RegisterErrorResponse(error=Missing password)
2025-05-23 12:18:48,237 [main] INFO com.example.studentframeworkapi.client.api.auth.RegisterClient - Error message from deserialized object: Missing password
2025-05-23 12:18:52,841 [main] INFO org.testng.internal.Utils - [TestNG] Running:
  /Users/calin/Library/Caches/JetBrains/IntelliJIdea2025.1/temp-testng-customsuite.xml

2025-05-23 12:18:52,917 [main] INFO com.example.studentframeworkapi.client.api.resource.GetClient - Sending GET request to endpoint: /api/unknown with token: reqres-free-v1
2025-05-23 12:18:53,504 [main] INFO com.example.studentframeworkapi.client.api.resource.GetClient - Received response with status code: 200
2025-05-23 12:18:53,505 [main] INFO com.example.studentframeworkapi.client.api.ApiClient - Validating response status code. Expected: 200, Actual: 200
2025-05-23 12:18:53,524 [main] INFO com.example.studentframeworkapi.client.api.resource.GetClient - Deserialized ListResourceResponse: ListResourceResponse(page=1, perPage=6, total=12, totalPages=2, data=[ResourceData(id=1, name=cerulean, year=2000, color=#98B2D1, pantoneValue=15-4020), ResourceData(id=2, name=fuchsia rose, year=2001, color=#C74375, pantoneValue=17-2031), ResourceData(id=3, name=true red, year=2002, color=#BF1932, pantoneValue=19-1664), ResourceData(id=4, name=aqua sky, year=2003, color=#7BC4C4, pantoneValue=14-4811), ResourceData(id=5, name=tigerlily, year=2004, color=#E2583E, pantoneValue=17-1456), ResourceData(id=6, name=blue turquoise, year=2005, color=#53B0AE, pantoneValue=15-5217)], support=SupportData(url=https://contentcaddy.io?utm_source=reqres&utm_medium=json&utm_campaign=referral, text=Tired of writing endless social media content? Let Content Caddy generate it for you.))
2025-05-23 12:18:53,528 [main] INFO com.example.studentframeworkapi.client.api.resource.GetClient - Sending GET request to endpoint: /api/unknown/2 with token: reqres-free-v1
2025-05-23 12:18:53,607 [main] INFO com.example.studentframeworkapi.client.api.resource.GetClient - Received response with status code: 200
2025-05-23 12:18:53,607 [main] INFO com.example.studentframeworkapi.client.api.ApiClient - Validating response status code. Expected: 200, Actual: 200
2025-05-23 12:18:53,609 [main] INFO com.example.studentframeworkapi.client.api.resource.GetClient - Deserialized SingleResourceResponse: SingleResourceResponse(data=ResourceData(id=2, name=fuchsia rose, year=2001, color=#C74375, pantoneValue=17-2031), support=SupportData(url=https://contentcaddy.io?utm_source=reqres&utm_medium=json&utm_campaign=referral, text=Tired of writing endless social media content? Let Content Caddy generate it for you.))
2025-05-23 12:18:53,610 [main] INFO com.example.studentframeworkapi.client.api.resource.GetClient - Sending GET request to endpoint: /api/unknown/23 with token: reqres-free-v1
2025-05-23 12:18:53,671 [main] INFO com.example.studentframeworkapi.client.api.resource.GetClient - Received raw response with status code: 404
2025-05-23 12:18:57,925 [main] INFO org.testng.internal.Utils - [TestNG] Running:
  /Users/calin/Library/Caches/JetBrains/IntelliJIdea2025.1/temp-testng-customsuite.xml

2025-05-23 12:18:58,042 [main] INFO com.example.studentframeworkapi.client.api.user.PostClient - Sending POST request to endpoint: /api/users with body: UserRequest(name=Chen, job=Tester)
2025-05-23 12:18:58,043 [main] INFO com.example.studentframeworkapi.client.api.user.PostClient - Using token: reqres-free-v1
2025-05-23 12:18:58,740 [main] INFO com.example.studentframeworkapi.client.api.user.PostClient - Received response with status code: 201
2025-05-23 12:18:58,744 [main] INFO com.example.studentframeworkapi.client.api.user.PostClient - Response Body: {"name":"Chen","job":"Tester","id":"163","createdAt":"2025-05-23T09:18:58.758Z"}
2025-05-23 12:18:58,752 [main] INFO com.example.studentframeworkapi.client.api.user.PostClient - Deserialized UserResponse: UserResponse(name=Chen, job=Tester, id=163, createdAt=2025-05-23T09:18:58.758Z, updatedAt=null)
2025-05-23 12:18:58,752 [main] INFO com.example.studentframeworkapi.client.api.user.PostClient - Sending POST request to endpoint: /api/users with body: UserRequest(name=Bob, job=Developer)
2025-05-23 12:18:58,752 [main] INFO com.example.studentframeworkapi.client.api.user.PostClient - Using token: reqres-free-v1
2025-05-23 12:18:58,931 [main] INFO com.example.studentframeworkapi.client.api.user.PostClient - Received response with status code: 201
2025-05-23 12:18:58,931 [main] INFO com.example.studentframeworkapi.client.api.user.PostClient - Response Body: {"name":"Bob","job":"Developer","id":"638","createdAt":"2025-05-23T09:18:58.963Z"}
2025-05-23 12:18:58,933 [main] INFO com.example.studentframeworkapi.client.api.user.PostClient - Deserialized UserResponse: UserResponse(name=Bob, job=Developer, id=638, createdAt=2025-05-23T09:18:58.963Z, updatedAt=null)
2025-05-23 12:18:58,939 [main] INFO com.example.studentframeworkapi.client.api.user.PostClient - Sending POST request to endpoint: /api/users with body: UserRequest(name=Chen, job=Software Developer)
2025-05-23 12:18:58,939 [main] INFO com.example.studentframeworkapi.client.api.user.PostClient - Using token: reqres-free-v1
2025-05-23 12:18:59,134 [main] INFO com.example.studentframeworkapi.client.api.user.PostClient - Received response with status code: 201
2025-05-23 12:18:59,135 [main] INFO com.example.studentframeworkapi.client.api.user.PostClient - Response Body: {"name":"Chen","job":"Software Developer","id":"642","createdAt":"2025-05-23T09:18:59.165Z"}
2025-05-23 12:18:59,136 [main] INFO com.example.studentframeworkapi.client.api.user.PostClient - Deserialized UserResponse: UserResponse(name=Chen, job=Software Developer, id=642, createdAt=2025-05-23T09:18:59.165Z, updatedAt=null)
2025-05-23 12:18:59,139 [main] INFO com.example.studentframeworkapi.client.api.user.DeleteClient - Sending DELETE request to endpoint: /api/users/2 with token: reqres-free-v1
2025-05-23 12:18:59,324 [main] INFO com.example.studentframeworkapi.client.api.user.DeleteClient - Received response with status code: 204
2025-05-23 12:18:59,325 [main] INFO com.example.studentframeworkapi.client.api.user.DeleteClient - Response Body: 
2025-05-23 12:18:59,326 [main] INFO com.example.studentframeworkapi.client.api.ApiClient - Validating response status code. Expected: 204, Actual: 204
2025-05-23 12:18:59,326 [main] INFO com.example.studentframeworkapi.client.api.ApiClient - Content-Type header check skipped for 204 No Content response.
2025-05-23 12:18:59,329 [main] INFO com.example.studentframeworkapi.client.api.user.GetClient - Sending GET request to endpoint: /api/users?page=2 with token: reqres-free-v1
2025-05-23 12:18:59,410 [main] INFO com.example.studentframeworkapi.client.api.user.GetClient - Received response with status code: 200
2025-05-23 12:18:59,410 [main] INFO com.example.studentframeworkapi.client.api.ApiClient - Validating response status code. Expected: 200, Actual: 200
2025-05-23 12:18:59,418 [main] INFO com.example.studentframeworkapi.client.api.user.GetClient - Deserialized ListUserResponse: ListUserResponse(page=2, perPage=6, total=12, totalPages=2, data=[UserData(id=7, email=michael.lawson@reqres.in, firstName=Michael, lastName=Lawson, avatar=https://reqres.in/img/faces/7-image.jpg), UserData(id=8, email=lindsay.ferguson@reqres.in, firstName=Lindsay, lastName=Ferguson, avatar=https://reqres.in/img/faces/8-image.jpg), UserData(id=9, email=tobias.funke@reqres.in, firstName=Tobias, lastName=Funke, avatar=https://reqres.in/img/faces/9-image.jpg), UserData(id=10, email=byron.fields@reqres.in, firstName=Byron, lastName=Fields, avatar=https://reqres.in/img/faces/10-image.jpg), UserData(id=11, email=george.edwards@reqres.in, firstName=George, lastName=Edwards, avatar=https://reqres.in/img/faces/11-image.jpg), UserData(id=12, email=rachel.howell@reqres.in, firstName=Rachel, lastName=Howell, avatar=https://reqres.in/img/faces/12-image.jpg)], support=SupportData(url=https://contentcaddy.io?utm_source=reqres&utm_medium=json&utm_campaign=referral, text=Tired of writing endless social media content? Let Content Caddy generate it for you.))
2025-05-23 12:18:59,420 [main] INFO com.example.studentframeworkapi.client.api.user.GetClient - Sending GET request to endpoint: /api/users/2 with token: reqres-free-v1
2025-05-23 12:18:59,504 [main] INFO com.example.studentframeworkapi.client.api.user.GetClient - Received response with status code: 200
2025-05-23 12:18:59,504 [main] INFO com.example.studentframeworkapi.client.api.ApiClient - Validating response status code. Expected: 200, Actual: 200
2025-05-23 12:18:59,507 [main] INFO com.example.studentframeworkapi.client.api.user.GetClient - Deserialized SingleUserResponse: SingleUserResponse(data=UserData(id=2, email=janet.weaver@reqres.in, firstName=Janet, lastName=Weaver, avatar=https://reqres.in/img/faces/2-image.jpg), support=SupportData(url=https://contentcaddy.io?utm_source=reqres&utm_medium=json&utm_campaign=referral, text=Tired of writing endless social media content? Let Content Caddy generate it for you.))
2025-05-23 12:18:59,508 [main] INFO com.example.studentframeworkapi.client.api.user.GetClient - Sending GET request to endpoint: /api/users?delay=3 with delay and token: reqres-free-v1
2025-05-23 12:19:02,749 [main] INFO com.example.studentframeworkapi.client.api.user.GetClient - Received response with status code: 200
2025-05-23 12:19:02,749 [main] INFO com.example.studentframeworkapi.client.api.ApiClient - Validating response status code. Expected: 200, Actual: 200
2025-05-23 12:19:02,750 [main] WARN com.example.studentframeworkapi.client.api.ApiClient - Response time exceeded acceptable limit: 3238 ms
2025-05-23 12:19:02,755 [main] INFO com.example.studentframeworkapi.client.api.user.GetClient - Deserialized ListUserResponse (with delay): ListUserResponse(page=1, perPage=6, total=12, totalPages=2, data=[UserData(id=1, email=george.bluth@reqres.in, firstName=George, lastName=Bluth, avatar=https://reqres.in/img/faces/1-image.jpg), UserData(id=2, email=janet.weaver@reqres.in, firstName=Janet, lastName=Weaver, avatar=https://reqres.in/img/faces/2-image.jpg), UserData(id=3, email=emma.wong@reqres.in, firstName=Emma, lastName=Wong, avatar=https://reqres.in/img/faces/3-image.jpg), UserData(id=4, email=eve.holt@reqres.in, firstName=Eve, lastName=Holt, avatar=https://reqres.in/img/faces/4-image.jpg), UserData(id=5, email=charles.morris@reqres.in, firstName=Charles, lastName=Morris, avatar=https://reqres.in/img/faces/5-image.jpg), UserData(id=6, email=tracey.ramos@reqres.in, firstName=Tracey, lastName=Ramos, avatar=https://reqres.in/img/faces/6-image.jpg)], support=SupportData(url=https://contentcaddy.io?utm_source=reqres&utm_medium=json&utm_campaign=referral, text=Tired of writing endless social media content? Let Content Caddy generate it for you.))
2025-05-23 12:19:02,762 [main] INFO com.example.studentframeworkapi.client.api.user.PutClient - Sending PUT request to update user at path: /api/users/2. Request Body: UserRequest(name=Morpheus, job=Zion Resident)
2025-05-23 12:19:02,948 [main] INFO com.example.studentframeworkapi.client.api.user.PutClient - Received response with status code: 200
2025-05-23 12:19:02,949 [main] INFO com.example.studentframeworkapi.client.api.user.PutClient - Response Body: {"name":"Morpheus","job":"Zion Resident","updatedAt":"2025-05-23T09:19:02.978Z"}
2025-05-23 12:19:02,949 [main] INFO com.example.studentframeworkapi.client.api.ApiClient - Validating response status code. Expected: 200, Actual: 200
2025-05-23 12:19:02,952 [main] INFO com.example.studentframeworkapi.client.api.user.PutClient - Deserialized UserResponse for update: UserResponse(name=Morpheus, job=Zion Resident, id=0, createdAt=null, updatedAt=2025-05-23T09:19:02.978Z)
2025-05-23 12:19:02,954 [main] INFO com.example.studentframeworkapi.client.api.user.GetClient - Sending GET request to endpoint: /api/users/23 with token: reqres-free-v1
2025-05-23 12:19:03,041 [main] INFO com.example.studentframeworkapi.client.api.user.GetClient - Received raw response with status code: 404
